[GIN-debug] [WARNING] Creating an Engine instance with the Logger and Recovery middleware already attached.

[GIN-debug] [WARNING] Running in "debug" mode. Switch to "release" mode in production.
 - using env:	export GIN_MODE=release
 - using code:	gin.SetMode(gin.ReleaseMode)

[GIN-debug] GET    /v1/users/                --> golangAPI/src.AddUserRouter.CachUserAllDecorator.func1 (7 handlers)
[GIN-debug] GET    /v1/users/:id             --> golangAPI/src.AddUserRouter.CachOneUserDecorator.func2 (7 handlers)
[GIN-debug] POST   /v1/users/                --> golangAPI/service.PostUser (7 handlers)
[GIN-debug] POST   /v1/users/more            --> golangAPI/service.CreateUserList (7 handlers)
[GIN-debug] GET    /v1/users/mongo/          --> golangAPI/service.MgoDBFindAllUser (7 handlers)
[GIN-debug] GET    /v1/users/mongo/:id       --> golangAPI/service.MgoDBFindOneUser (7 handlers)
[GIN-debug] PUT    /v1/users/mongo/:id       --> golangAPI/service.MgoDBPutUser (7 handlers)
[GIN-debug] POST   /v1/users/mongo/          --> golangAPI/service.MgoDBCreateUser (7 handlers)
[GIN-debug] DELETE /v1/users/mongo/:id       --> golangAPI/service.MgoDBDeleteUser (7 handlers)
[GIN-debug] PUT    /v1/users/:id             --> golangAPI/service.Putuser (7 handlers)
[GIN-debug] POST   /v1/users/login           --> golangAPI/service.LoginUser (7 handlers)
[GIN-debug] GET    /v1/users/check           --> golangAPI/service.CheckUserSession (7 handlers)
[GIN-debug] DELETE /v1/users/:id             --> golangAPI/service.DeleteUser (8 handlers)
[GIN-debug] GET    /v1/users/logout          --> golangAPI/service.LogoutUser (8 handlers)
[GIN-debug] [WARNING] You trusted all proxies, this is NOT safe. We recommend you to set a value.
Please check https://pkg.go.dev/github.com/gin-gonic/gin#readme-don-t-trust-all-proxies for details.
[GIN-debug] Listening and serving HTTP on :8000
::1 - [2023-12-26 11:01:43.8551823 +0800 CST m=+19.184477801] GET /v1/users/ 200 
[GIN] 2023/12/26 - 11:01:43 | 200 |     12.0738ms |             ::1 | GET      "/v1/users/"
::1 - [2023-12-26 11:01:49.0068398 +0800 CST m=+24.336135301] POST /v1/users/ 200 
[GIN] 2023/12/26 - 11:01:49 | 200 |      7.1869ms |             ::1 | POST     "/v1/users/"
[GIN-debug] redirecting request 301: /v1/users/mongo/ --> /v1/users/mongo/
::1 - [2023-12-26 11:11:49.6557467 +0800 CST m=+624.985042201] GET /v1/users/mongo/ 200 
[GIN] 2023/12/26 - 11:11:49 | 200 |      6.0965ms |             ::1 | GET      "/v1/users/mongo/"
